TN:
SF:src/index.ts
FN:63,(anonymous_1)
FN:80,(anonymous_2)
FNF:2
FNH:0
FNDA:0,(anonymous_1)
FNDA:0,(anonymous_2)
DA:26,1
DA:27,1
DA:28,1
DA:29,1
DA:30,1
DA:31,1
DA:32,1
DA:33,1
DA:34,1
DA:37,1
DA:40,1
DA:41,1
DA:47,1
DA:48,1
DA:49,1
DA:50,1
DA:51,1
DA:57,1
DA:63,1
DA:64,0
DA:65,0
DA:72,1
DA:79,1
DA:80,0
DA:81,0
DA:86,1
LF:26
LH:22
BRDA:41,0,0,1
BRDA:41,0,1,1
BRDA:79,1,0,0
BRF:3
BRH:2
end_of_record
TN:
SF:src/middleware/authMiddleware.ts
FN:21,(anonymous_0)
FNF:1
FNH:1
FNDA:3,(anonymous_0)
DA:19,1
DA:21,1
DA:26,3
DA:29,3
DA:30,3
DA:32,3
DA:33,0
DA:34,0
DA:35,0
DA:38,3
DA:39,3
DA:42,1
LF:12
LH:9
BRDA:19,0,0,1
BRDA:19,0,1,1
BRDA:32,1,0,0
BRDA:32,2,0,3
BRDA:32,2,1,3
BRF:5
BRH:4
end_of_record
TN:
SF:src/middleware/errorMiddleware.ts
FN:18,(anonymous_0)
FNF:1
FNH:0
FNDA:0,(anonymous_0)
DA:18,1
DA:24,0
DA:26,0
DA:30,0
DA:33,1
LF:5
LH:2
BRDA:27,0,0,0
BRDA:27,0,1,0
BRF:2
BRH:0
end_of_record
TN:
SF:src/middleware/loggerMiddleware.ts
FN:20,(anonymous_0)
FNF:1
FNH:1
FNDA:3,(anonymous_0)
DA:18,1
DA:20,1
DA:25,3
DA:26,3
DA:29,1
LF:5
LH:5
BRF:0
BRH:0
end_of_record
TN:
SF:src/routes/index.ts
FN:26,(anonymous_1)
FNF:1
FNH:0
FNDA:0,(anonymous_1)
DA:16,1
DA:17,1
DA:20,1
DA:26,1
DA:27,0
DA:34,1
DA:37,1
LF:7
LH:6
BRF:0
BRH:0
end_of_record
TN:
SF:src/routes/userRoutes.ts
FN:33,(anonymous_1)
FN:44,(anonymous_2)
FN:50,(anonymous_3)
FNF:3
FNH:3
FNDA:1,(anonymous_1)
FNDA:2,(anonymous_2)
FNDA:3,(anonymous_3)
DA:17,1
DA:18,1
DA:21,1
DA:27,1
DA:33,1
DA:34,1
DA:44,1
DA:45,2
DA:46,2
DA:50,3
DA:52,2
DA:53,1
DA:54,1
DA:57,1
DA:61,1
LF:15
LH:15
BRDA:52,0,0,1
BRF:1
BRH:1
end_of_record
TN:
SF:src/utils/logger.ts
FNF:0
FNH:0
DA:19,1
DA:22,1
DA:25,1
LF:3
LH:3
BRDA:29,0,0,1
BRDA:29,0,1,0
BRF:2
BRH:1
end_of_record
