TN:
SF:src/index.ts
FN:27,(anonymous_1)
FN:37,(anonymous_2)
FNF:2
FNH:0
FNDA:0,(anonymous_1)
FNDA:0,(anonymous_2)
DA:1,1
DA:2,1
DA:3,1
DA:4,1
DA:5,1
DA:6,1
DA:7,1
DA:8,1
DA:9,1
DA:11,1
DA:13,1
DA:14,1
DA:17,1
DA:18,1
DA:19,1
DA:20,1
DA:21,1
DA:24,1
DA:27,1
DA:28,0
DA:29,0
DA:33,1
DA:36,1
DA:37,0
DA:38,0
DA:43,1
LF:26
LH:22
BRDA:14,0,0,1
BRDA:14,0,1,1
BRDA:36,1,0,0
BRF:3
BRH:2
end_of_record
TN:
SF:src/middleware/authMiddleware.ts
FN:5,(anonymous_0)
FNF:1
FNH:1
FNDA:3,(anonymous_0)
DA:3,1
DA:5,1
DA:10,3
DA:13,3
DA:14,3
DA:16,3
DA:17,0
DA:18,0
DA:19,0
DA:22,3
DA:23,3
DA:26,1
LF:12
LH:9
BRDA:3,0,0,1
BRDA:3,0,1,1
BRDA:16,1,0,0
BRDA:16,2,0,3
BRDA:16,2,1,3
BRF:5
BRH:4
end_of_record
TN:
SF:src/middleware/errorMiddleware.ts
FN:3,(anonymous_0)
FNF:1
FNH:0
FNDA:0,(anonymous_0)
DA:3,1
DA:9,0
DA:10,0
DA:14,0
DA:17,1
LF:5
LH:2
BRDA:11,0,0,0
BRDA:11,0,1,0
BRF:2
BRH:0
end_of_record
TN:
SF:src/middleware/loggerMiddleware.ts
FN:4,(anonymous_0)
FNF:1
FNH:1
FNDA:3,(anonymous_0)
DA:2,1
DA:4,1
DA:9,3
DA:10,3
DA:13,1
LF:5
LH:5
BRF:0
BRH:0
end_of_record
TN:
SF:src/routes/index.ts
FN:6,(anonymous_1)
FNF:1
FNH:0
FNDA:0,(anonymous_1)
DA:1,1
DA:2,1
DA:4,1
DA:6,1
DA:7,0
DA:11,1
DA:13,1
LF:7
LH:6
BRF:0
BRH:0
end_of_record
TN:
SF:src/routes/userRoutes.ts
FN:10,(anonymous_1)
FN:18,(anonymous_2)
FN:24,(anonymous_3)
FNF:3
FNH:3
FNDA:1,(anonymous_1)
FNDA:2,(anonymous_2)
FNDA:3,(anonymous_3)
DA:1,1
DA:2,1
DA:4,1
DA:7,1
DA:10,1
DA:11,1
DA:18,1
DA:19,2
DA:20,2
DA:24,3
DA:26,2
DA:27,1
DA:28,1
DA:31,1
DA:34,1
LF:15
LH:15
BRDA:26,0,0,1
BRF:1
BRH:1
end_of_record
TN:
SF:src/utils/logger.ts
FNF:0
FNH:0
DA:1,1
DA:3,1
DA:5,1
LF:3
LH:3
BRDA:7,0,0,1
BRDA:7,0,1,0
BRF:2
BRH:1
end_of_record
